# JRE version: OpenJDK Runtime Environment (Red_Hat-11.0.19+7-1) (11.0.19+7) (build 11.0.19+7-LTS)
# Java VM: OpenJDK 64-Bit Server VM (Red_Hat-11.0.19+7-1) (11.0.19+7-LTS, mixed mode, tiered, compressed oops, g1 gc, windows-amd64)
Heap:
 garbage-first heap   total 260096K, used 148846K [0x0000000702200000, 0x0000000800000000)
  region size 1024K, 134 young (137216K), 9 survivors (9216K)
 Metaspace       used 80270K, capacity 82769K, committed 82944K, reserved 1120256K
  class space    used 10701K, capacity 11999K, committed 12032K, reserved 1048576K
GC Heap History (14 events):
Event: 1.061 GC heap before
{Heap before GC invocations=0 (full 0):
 garbage-first heap   total 260096K, used 24576K [0x0000000702200000, 0x0000000800000000)
  region size 1024K, 24 young (24576K), 0 survivors (0K)
 Metaspace       used 11266K, capacity 11388K, committed 11648K, reserved 1058816K
  class space    used 1275K, capacity 1324K, committed 1408K, reserved 1048576K
}
Event: 1.067 GC heap after
{Heap after GC invocations=1 (full 0):
 garbage-first heap   total 260096K, used 12519K [0x0000000702200000, 0x0000000800000000)
  region size 1024K, 3 young (3072K), 3 survivors (3072K)
 Metaspace       used 11266K, capacity 11388K, committed 11648K, reserved 1058816K
  class space    used 1275K, capacity 1324K, committed 1408K, reserved 1048576K
}
Event: 1.930 GC heap before
{Heap before GC invocations=1 (full 0):
 garbage-first heap   total 260096K, used 34023K [0x0000000702200000, 0x0000000800000000)
  region size 1024K, 24 young (24576K), 3 survivors (3072K)
 Metaspace       used 20099K, capacity 20457K, committed 20608K, reserved 1067008K
  class space    used 2480K, capacity 2641K, committed 2688K, reserved 1048576K
}
Event: 1.934 GC heap after
{Heap after GC invocations=2 (full 0):
 garbage-first heap   total 260096K, used 14581K [0x0000000702200000, 0x0000000800000000)
  region size 1024K, 2 young (2048K), 2 survivors (2048K)
 Metaspace       used 20099K, capacity 20457K, committed 20608K, reserved 1067008K
  class space    used 2480K, capacity 2641K, committed 2688K, reserved 1048576K
}
Event: 1.976 GC heap before
{Heap before GC invocations=2 (full 0):
 garbage-first heap   total 260096K, used 16629K [0x0000000702200000, 0x0000000800000000)
  region size 1024K, 5 young (5120K), 2 survivors (2048K)
 Metaspace       used 20756K, capacity 21181K, committed 21248K, reserved 1067008K
  class space    used 2565K, capacity 2777K, committed 2816K, reserved 1048576K
}
Event: 1.981 GC heap after
{Heap after GC invocations=3 (full 0):
 garbage-first heap   total 260096K, used 14754K [0x0000000702200000, 0x0000000800000000)
  region size 1024K, 3 young (3072K), 3 survivors (3072K)
 Metaspace       used 20756K, capacity 21181K, committed 21248K, reserved 1067008K
  class space    used 2565K, capacity 2777K, committed 2816K, reserved 1048576K
}
Event: 4.227 GC heap before
{Heap before GC invocations=4 (full 0):
 garbage-first heap   total 260096K, used 61858K [0x0000000702200000, 0x0000000800000000)
  region size 1024K, 49 young (50176K), 3 survivors (3072K)
 Metaspace       used 29424K, capacity 30143K, committed 30336K, reserved 1075200K
  class space    used 3787K, capacity 4135K, committed 4224K, reserved 1048576K
}
Event: 4.232 GC heap after
{Heap after GC invocations=5 (full 0):
 garbage-first heap   total 260096K, used 16591K [0x0000000702200000, 0x0000000800000000)
  region size 1024K, 4 young (4096K), 4 survivors (4096K)
 Metaspace       used 29424K, capacity 30143K, committed 30336K, reserved 1075200K
  class space    used 3787K, capacity 4135K, committed 4224K, reserved 1048576K
}
Event: 4.759 GC heap before
{Heap before GC invocations=5 (full 0):
 garbage-first heap   total 260096K, used 42191K [0x0000000702200000, 0x0000000800000000)
  region size 1024K, 30 young (30720K), 4 survivors (4096K)
 Metaspace       used 34845K, capacity 35746K, committed 35840K, reserved 1079296K
  class space    used 4589K, capacity 5049K, committed 5120K, reserved 1048576K
}
Event: 4.765 GC heap after
{Heap after GC invocations=6 (full 0):
 garbage-first heap   total 260096K, used 17986K [0x0000000702200000, 0x0000000800000000)
  region size 1024K, 6 young (6144K), 6 survivors (6144K)
 Metaspace       used 34845K, capacity 35746K, committed 35840K, reserved 1079296K
  class space    used 4589K, capacity 5049K, committed 5120K, reserved 1048576K
}
Event: 6.721 GC heap before
{Heap before GC invocations=7 (full 0):
 garbage-first heap   total 260096K, used 137794K [0x0000000702200000, 0x0000000800000000)
  region size 1024K, 124 young (126976K), 6 survivors (6144K)
 Metaspace       used 57168K, capacity 58637K, committed 59008K, reserved 1099776K
  class space    used 7205K, capacity 7946K, committed 8064K, reserved 1048576K
}
Event: 6.730 GC heap after
{Heap after GC invocations=8 (full 0):
 garbage-first heap   total 260096K, used 22318K [0x0000000702200000, 0x0000000800000000)
  region size 1024K, 10 young (10240K), 10 survivors (10240K)
 Metaspace       used 57168K, capacity 58637K, committed 59008K, reserved 1099776K
  class space    used 7205K, capacity 7946K, committed 8064K, reserved 1048576K
}
Event: 6.778 GC heap before
{Heap before GC invocations=8 (full 0):
 garbage-first heap   total 260096K, used 26414K [0x0000000702200000, 0x0000000800000000)
  region size 1024K, 15 young (15360K), 10 survivors (10240K)
 Metaspace       used 58553K, capacity 59981K, committed 60160K, reserved 1101824K
  class space    used 7318K, capacity 8074K, committed 8192K, reserved 1048576K
}
Event: 6.787 GC heap after
{Heap after GC invocations=9 (full 0):
 garbage-first heap   total 260096K, used 21870K [0x0000000702200000, 0x0000000800000000)
  region size 1024K, 9 young (9216K), 9 survivors (9216K)
 Metaspace       used 58553K, capacity 59981K, committed 60160K, reserved 1101824K
  class space    used 7318K, capacity 8074K, committed 8192K, reserved 1048576K
}

